<?xml version="1.0" encoding="UTF-8"?>
<coverage generated="1639909620631" clover="3.2.0">
  <project timestamp="1639909620631" name="All files">
    <metrics statements="15" coveredstatements="15" conditionals="6" coveredconditionals="6" methods="8" coveredmethods="8" elements="29" coveredelements="29" complexity="0" loc="15" ncloc="15" packages="1" files="4" classes="4"/>
    <file name="Counter.vue" path="D:\Ngoding\BWA\Vue 2 Testing\basic_vue_test_utils\src\components\Counter.vue">
      <metrics statements="8" coveredstatements="8" conditionals="6" coveredconditionals="6" methods="3" coveredmethods="3"/>
      <line num="15" count="5" type="stmt"/>
      <line num="21" count="2" type="cond" truecount="2" falsecount="0"/>
      <line num="22" count="1" type="stmt"/>
      <line num="24" count="1" type="stmt"/>
      <line num="28" count="3" type="cond" truecount="2" falsecount="0"/>
      <line num="29" count="1" type="stmt"/>
      <line num="30" count="2" type="cond" truecount="2" falsecount="0"/>
      <line num="31" count="1" type="stmt"/>
    </file>
    <file name="EmailValidation.vue" path="D:\Ngoding\BWA\Vue 2 Testing\basic_vue_test_utils\src\components\EmailValidation.vue">
      <metrics statements="4" coveredstatements="4" conditionals="0" coveredconditionals="0" methods="2" coveredmethods="2"/>
      <line num="15" count="3" type="stmt"/>
      <line num="22" count="3" type="stmt"/>
      <line num="24" count="3" type="stmt"/>
      <line num="25" count="3" type="stmt"/>
    </file>
    <file name="Greeting.vue" path="D:\Ngoding\BWA\Vue 2 Testing\basic_vue_test_utils\src\components\Greeting.vue">
      <metrics statements="1" coveredstatements="1" conditionals="0" coveredconditionals="0" methods="1" coveredmethods="1"/>
      <line num="13" count="2" type="stmt"/>
    </file>
    <file name="RandomGenerator.vue" path="D:\Ngoding\BWA\Vue 2 Testing\basic_vue_test_utils\src\components\RandomGenerator.vue">
      <metrics statements="2" coveredstatements="2" conditionals="0" coveredconditionals="0" methods="2" coveredmethods="2"/>
      <line num="19" count="2" type="stmt"/>
      <line num="25" count="2" type="stmt"/>
    </file>
  </project>
</coverage>
