<?xml version="1.0" encoding="UTF-8"?>
<coverage generated="1639879763793" clover="3.2.0">
  <project timestamp="1639879763794" name="All files">
    <metrics statements="7" coveredstatements="7" conditionals="0" coveredconditionals="0" methods="5" coveredmethods="5" elements="12" coveredelements="12" complexity="0" loc="7" ncloc="7" packages="1" files="3" classes="3"/>
    <file name="EmailValidation.vue" path="D:\Ngoding\BWA\Vue 2 Testing\basic_vue_test_utils\src\components\EmailValidation.vue">
      <metrics statements="4" coveredstatements="4" conditionals="0" coveredconditionals="0" methods="2" coveredmethods="2"/>
      <line num="15" count="3" type="stmt"/>
      <line num="22" count="3" type="stmt"/>
      <line num="24" count="3" type="stmt"/>
      <line num="25" count="3" type="stmt"/>
    </file>
    <file name="Greeting.vue" path="D:\Ngoding\BWA\Vue 2 Testing\basic_vue_test_utils\src\components\Greeting.vue">
      <metrics statements="1" coveredstatements="1" conditionals="0" coveredconditionals="0" methods="1" coveredmethods="1"/>
      <line num="13" count="2" type="stmt"/>
    </file>
    <file name="RandomGenerator.vue" path="D:\Ngoding\BWA\Vue 2 Testing\basic_vue_test_utils\src\components\RandomGenerator.vue">
      <metrics statements="2" coveredstatements="2" conditionals="0" coveredconditionals="0" methods="2" coveredmethods="2"/>
      <line num="19" count="2" type="stmt"/>
      <line num="25" count="2" type="stmt"/>
    </file>
  </project>
</coverage>
