{"D:\\Ngoding\\BWA\\Vue 2 Testing\\basic_vue_test_utils\\src\\components\\Greeting.vue": {"path":"D:\\Ngoding\\BWA\\Vue 2 Testing\\basic_vue_test_utils\\src\\components\\Greeting.vue","statementMap":{"0":{"start":{"line":13,"column":0},"end":{"line":13,"column":null}}},"fnMap":{"0":{"name":"(anonymous_1)","decl":{"start":{"line":12,"column":0},"end":{"line":12,"column":null}},"loc":{"start":{"line":12,"column":0},"end":{"line":17,"column":null}}}},"branchMap":{},"s":{"0":5},"f":{"0":5},"b":{}}
}
