{"D:\\Ngoding\\BWA\\Vue 2 Testing\\basic_vue_test_utils\\src\\components\\Counter.vue": {"path":"D:\\Ngoding\\BWA\\Vue 2 Testing\\basic_vue_test_utils\\src\\components\\Counter.vue","statementMap":{"0":{"start":{"line":15,"column":0},"end":{"line":15,"column":null}},"1":{"start":{"line":21,"column":0},"end":{"line":25,"column":null}},"2":{"start":{"line":22,"column":0},"end":{"line":22,"column":null}},"3":{"start":{"line":24,"column":0},"end":{"line":24,"column":null}},"4":{"start":{"line":28,"column":0},"end":{"line":32,"column":null}},"5":{"start":{"line":29,"column":0},"end":{"line":29,"column":null}},"6":{"start":{"line":30,"column":0},"end":{"line":32,"column":null}},"7":{"start":{"line":31,"column":0},"end":{"line":31,"column":null}}},"fnMap":{"0":{"name":"(anonymous_1)","decl":{"start":{"line":14,"column":0},"end":{"line":14,"column":null}},"loc":{"start":{"line":14,"column":0},"end":{"line":18,"column":null}}},"1":{"name":"(anonymous_2)","decl":{"start":{"line":20,"column":0},"end":{"line":20,"column":null}},"loc":{"start":{"line":20,"column":0},"end":{"line":26,"column":null}}},"2":{"name":"(anonymous_3)","decl":{"start":{"line":27,"column":0},"end":{"line":27,"column":null}},"loc":{"start":{"line":27,"column":0},"end":{"line":33,"column":null}}}},"branchMap":{"0":{"loc":{"start":{"line":21,"column":0},"end":{"line":25,"column":null}},"type":"if","locations":[{"start":{"line":21,"column":0},"end":{"line":25,"column":null}},{"start":{"line":21,"column":0},"end":{"line":25,"column":null}}]},"1":{"loc":{"start":{"line":28,"column":0},"end":{"line":32,"column":null}},"type":"if","locations":[{"start":{"line":28,"column":0},"end":{"line":32,"column":null}},{"start":{"line":28,"column":0},"end":{"line":32,"column":null}}]},"2":{"loc":{"start":{"line":30,"column":0},"end":{"line":32,"column":null}},"type":"if","locations":[{"start":{"line":30,"column":0},"end":{"line":32,"column":null}},{"start":{"line":30,"column":0},"end":{"line":32,"column":null}}]}},"s":{"0":5,"1":2,"2":1,"3":1,"4":3,"5":1,"6":2,"7":1},"f":{"0":5,"1":2,"2":3},"b":{"0":[1,1],"1":[1,2],"2":[1,1]}}
,"D:\\Ngoding\\BWA\\Vue 2 Testing\\basic_vue_test_utils\\src\\components\\EmailValidation.vue": {"path":"D:\\Ngoding\\BWA\\Vue 2 Testing\\basic_vue_test_utils\\src\\components\\EmailValidation.vue","statementMap":{"0":{"start":{"line":15,"column":0},"end":{"line":15,"column":null}},"1":{"start":{"line":22,"column":0},"end":{"line":22,"column":null}},"2":{"start":{"line":24,"column":0},"end":{"line":24,"column":null}},"3":{"start":{"line":25,"column":0},"end":{"line":25,"column":null}}},"fnMap":{"0":{"name":"(anonymous_1)","decl":{"start":{"line":14,"column":0},"end":{"line":14,"column":null}},"loc":{"start":{"line":14,"column":0},"end":{"line":19,"column":null}}},"1":{"name":"(anonymous_2)","decl":{"start":{"line":21,"column":0},"end":{"line":21,"column":null}},"loc":{"start":{"line":21,"column":0},"end":{"line":26,"column":null}}}},"branchMap":{},"s":{"0":3,"1":3,"2":3,"3":3},"f":{"0":3,"1":3},"b":{}}
,"D:\\Ngoding\\BWA\\Vue 2 Testing\\basic_vue_test_utils\\src\\components\\Greeting.vue": {"path":"D:\\Ngoding\\BWA\\Vue 2 Testing\\basic_vue_test_utils\\src\\components\\Greeting.vue","statementMap":{"0":{"start":{"line":13,"column":0},"end":{"line":13,"column":null}}},"fnMap":{"0":{"name":"(anonymous_1)","decl":{"start":{"line":12,"column":0},"end":{"line":12,"column":null}},"loc":{"start":{"line":12,"column":0},"end":{"line":17,"column":null}}}},"branchMap":{},"s":{"0":2},"f":{"0":2},"b":{}}
,"D:\\Ngoding\\BWA\\Vue 2 Testing\\basic_vue_test_utils\\src\\components\\RandomGenerator.vue": {"path":"D:\\Ngoding\\BWA\\Vue 2 Testing\\basic_vue_test_utils\\src\\components\\RandomGenerator.vue","statementMap":{"0":{"start":{"line":19,"column":0},"end":{"line":19,"column":null}},"1":{"start":{"line":25,"column":0},"end":{"line":25,"column":null}}},"fnMap":{"0":{"name":"(anonymous_1)","decl":{"start":{"line":18,"column":0},"end":{"line":18,"column":null}},"loc":{"start":{"line":18,"column":0},"end":{"line":22,"column":null}}},"1":{"name":"(anonymous_2)","decl":{"start":{"line":24,"column":0},"end":{"line":24,"column":null}},"loc":{"start":{"line":24,"column":0},"end":{"line":26,"column":null}}}},"branchMap":{},"s":{"0":2,"1":2},"f":{"0":2,"1":2},"b":{}}
}
