TN:
SF:D:\Ngoding\BWA\Vue 2 Testing\basic_vue_test_utils\src\components\EmailValidation.vue
FN:14,(anonymous_1)
FN:21,(anonymous_2)
FNF:2
FNH:2
FNDA:3,(anonymous_1)
FNDA:3,(anonymous_2)
DA:15,3
DA:22,3
DA:24,3
DA:25,3
LF:4
LH:4
BRF:0
BRH:0
end_of_record
TN:
SF:D:\Ngoding\BWA\Vue 2 Testing\basic_vue_test_utils\src\components\Greeting.vue
FN:12,(anonymous_1)
FNF:1
FNH:1
FNDA:2,(anonymous_1)
DA:13,2
LF:1
LH:1
BRF:0
BRH:0
end_of_record
TN:
SF:D:\Ngoding\BWA\Vue 2 Testing\basic_vue_test_utils\src\components\RandomGenerator.vue
FN:18,(anonymous_1)
FN:24,(anonymous_2)
FNF:2
FNH:2
FNDA:2,(anonymous_1)
FNDA:2,(anonymous_2)
DA:19,2
DA:25,2
LF:2
LH:2
BRF:0
BRH:0
end_of_record
